2014-07-22 13:33:17,426 - SimpleLog4NetLogSystem initialized using logfile 'nvelocity.log'
2014-07-22 13:33:17,432 - ************************************************************** 
2014-07-22 13:33:17,432 - Starting NVelocity v0.4.1
2014-07-22 13:33:17,432 - RuntimeInstance initializing.
2014-07-22 13:33:17,432 - Default Properties File: NVelocity.Runtime.Defaults.nvelocity.properties
2014-07-22 13:33:17,432 - Trying to use logger class NVelocity.Runtime.Log.SimpleLog4NetLogSystem
2014-07-22 13:33:17,432 - Using logger class NVelocity.Runtime.Log.SimpleLog4NetLogSystem
2014-07-22 13:33:17,433 - Default ResourceManager initializing. (NVelocity.Runtime.Resource.ResourceManagerImpl)
2014-07-22 13:33:17,435 - Resource Loader Instantiated: NVelocity.Runtime.Resource.Loader.FileResourceLoader
2014-07-22 13:33:17,436 - FileResourceLoader : initialization starting.
2014-07-22 13:33:17,436 - FileResourceLoader : adding path '.'
2014-07-22 13:33:17,436 - FileResourceLoader : initialization complete.
2014-07-22 13:33:17,437 - ResourceCache : initialized. (NVelocity.Runtime.Resource.ResourceCacheImpl)
2014-07-22 13:33:17,437 - Default ResourceManager initialization complete.
2014-07-22 13:33:17,444 - Loaded System Directive: NVelocity.Runtime.Directive.Include
2014-07-22 13:33:17,444 - Loaded System Directive: NVelocity.Runtime.Directive.Parse
2014-07-22 13:33:17,444 - Loaded System Directive: NVelocity.Runtime.Directive.Macro
2014-07-22 13:33:17,445 - Loaded System Directive: NVelocity.Runtime.Directive.Literal
2014-07-22 13:33:17,445 - Loaded System Directive: NVelocity.Runtime.Directive.Foreach
2014-07-22 13:33:17,450 - Created: 20 parsers.
2014-07-22 13:33:17,451 - Velocimacro : initialization starting.
2014-07-22 13:33:17,451 - Velocimacro : adding VMs from VM library template : VM_global_library.vm
2014-07-22 13:33:17,461 - ResourceManager : unable to find resource 'VM_global_library.vm' in any resource loader.
2014-07-22 13:33:17,465 - Velocimacro : error using  VM library template VM_global_library.vm : NVelocity.Exception.ResourceNotFoundException: Unable to find resource 'VM_global_library.vm'
   at NVelocity.Runtime.Resource.ResourceManagerImpl.getResource(String resourceName, Int32 resourceType, String encoding)
   at NVelocity.Runtime.RuntimeInstance.getTemplate(String name, String encoding)
   at NVelocity.Runtime.RuntimeInstance.getTemplate(String name)
   at NVelocity.Runtime.VelocimacroFactory.initVelocimacro()
2014-07-22 13:33:17,465 - Velocimacro :  VM library template macro registration complete.
2014-07-22 13:33:17,465 - Velocimacro : allowInline = true : VMs can be defined inline in templates
2014-07-22 13:33:17,465 - Velocimacro : allowInlineToOverride = false : VMs defined inline may NOT replace previous VM definitions
2014-07-22 13:33:17,465 - Velocimacro : allowInlineLocal = false : VMs defined inline will be  global in scope if allowed.
2014-07-22 13:33:17,466 - Velocimacro : messages on  : VM system will output logging messages
2014-07-22 13:33:17,466 - Velocimacro : autoload off  : VM system will not automatically reload global library macros
2014-07-22 13:33:17,466 - Velocimacro : initialization complete.
2014-07-22 13:33:17,466 - NVelocity successfully started.
2014-07-22 13:33:33,767 - SimpleLog4NetLogSystem initialized using logfile 'nvelocity.log'
2014-07-22 13:33:33,767 - ************************************************************** 
2014-07-22 13:33:33,767 - Starting NVelocity v0.4.1
2014-07-22 13:33:33,767 - RuntimeInstance initializing.
2014-07-22 13:33:33,767 - Default Properties File: NVelocity.Runtime.Defaults.nvelocity.properties
2014-07-22 13:33:33,767 - Trying to use logger class NVelocity.Runtime.Log.SimpleLog4NetLogSystem
2014-07-22 13:33:33,767 - Using logger class NVelocity.Runtime.Log.SimpleLog4NetLogSystem
2014-07-22 13:33:33,767 - Default ResourceManager initializing. (NVelocity.Runtime.Resource.ResourceManagerImpl)
2014-07-22 13:33:33,767 - Resource Loader Instantiated: NVelocity.Runtime.Resource.Loader.FileResourceLoader
2014-07-22 13:33:33,767 - FileResourceLoader : initialization starting.
2014-07-22 13:33:33,767 - FileResourceLoader : adding path '.'
2014-07-22 13:33:33,767 - FileResourceLoader : initialization complete.
2014-07-22 13:33:33,767 - ResourceCache : initialized. (NVelocity.Runtime.Resource.ResourceCacheImpl)
2014-07-22 13:33:33,767 - Default ResourceManager initialization complete.
2014-07-22 13:33:33,775 - Loaded System Directive: NVelocity.Runtime.Directive.Include
2014-07-22 13:33:33,775 - Loaded System Directive: NVelocity.Runtime.Directive.Parse
2014-07-22 13:33:33,775 - Loaded System Directive: NVelocity.Runtime.Directive.Macro
2014-07-22 13:33:33,775 - Loaded System Directive: NVelocity.Runtime.Directive.Literal
2014-07-22 13:33:33,775 - Loaded System Directive: NVelocity.Runtime.Directive.Foreach
2014-07-22 13:33:33,778 - Created: 20 parsers.
2014-07-22 13:33:33,778 - Velocimacro : initialization starting.
2014-07-22 13:33:33,778 - Velocimacro : adding VMs from VM library template : VM_global_library.vm
2014-07-22 13:33:33,784 - ResourceManager : unable to find resource 'VM_global_library.vm' in any resource loader.
2014-07-22 13:33:33,784 - Velocimacro : error using  VM library template VM_global_library.vm : NVelocity.Exception.ResourceNotFoundException: Unable to find resource 'VM_global_library.vm'
   at NVelocity.Runtime.Resource.ResourceManagerImpl.getResource(String resourceName, Int32 resourceType, String encoding)
   at NVelocity.Runtime.RuntimeInstance.getTemplate(String name, String encoding)
   at NVelocity.Runtime.RuntimeInstance.getTemplate(String name)
   at NVelocity.Runtime.VelocimacroFactory.initVelocimacro()
2014-07-22 13:33:33,784 - Velocimacro :  VM library template macro registration complete.
2014-07-22 13:33:33,784 - Velocimacro : allowInline = true : VMs can be defined inline in templates
2014-07-22 13:33:33,784 - Velocimacro : allowInlineToOverride = false : VMs defined inline may NOT replace previous VM definitions
2014-07-22 13:33:33,784 - Velocimacro : allowInlineLocal = false : VMs defined inline will be  global in scope if allowed.
2014-07-22 13:33:33,784 - Velocimacro : messages on  : VM system will output logging messages
2014-07-22 13:33:33,784 - Velocimacro : autoload off  : VM system will not automatically reload global library macros
2014-07-22 13:33:33,784 - Velocimacro : initialization complete.
2014-07-22 13:33:33,784 - NVelocity successfully started.
2014-07-22 13:34:18,980 - SimpleLog4NetLogSystem initialized using logfile 'nvelocity.log'
2014-07-22 13:34:18,980 - ************************************************************** 
2014-07-22 13:34:18,980 - Starting NVelocity v0.4.1
2014-07-22 13:34:18,980 - RuntimeInstance initializing.
2014-07-22 13:34:18,980 - Default Properties File: NVelocity.Runtime.Defaults.nvelocity.properties
2014-07-22 13:34:18,980 - Trying to use logger class NVelocity.Runtime.Log.SimpleLog4NetLogSystem
2014-07-22 13:34:18,980 - Using logger class NVelocity.Runtime.Log.SimpleLog4NetLogSystem
2014-07-22 13:34:18,980 - Default ResourceManager initializing. (NVelocity.Runtime.Resource.ResourceManagerImpl)
2014-07-22 13:34:18,980 - Resource Loader Instantiated: NVelocity.Runtime.Resource.Loader.FileResourceLoader
2014-07-22 13:34:18,980 - FileResourceLoader : initialization starting.
2014-07-22 13:34:18,980 - FileResourceLoader : adding path '.'
2014-07-22 13:34:18,980 - FileResourceLoader : initialization complete.
2014-07-22 13:34:18,980 - ResourceCache : initialized. (NVelocity.Runtime.Resource.ResourceCacheImpl)
2014-07-22 13:34:18,980 - Default ResourceManager initialization complete.
2014-07-22 13:34:19,000 - Loaded System Directive: NVelocity.Runtime.Directive.Include
2014-07-22 13:34:19,000 - Loaded System Directive: NVelocity.Runtime.Directive.Parse
2014-07-22 13:34:19,000 - Loaded System Directive: NVelocity.Runtime.Directive.Macro
2014-07-22 13:34:19,000 - Loaded System Directive: NVelocity.Runtime.Directive.Literal
2014-07-22 13:34:19,000 - Loaded System Directive: NVelocity.Runtime.Directive.Foreach
2014-07-22 13:34:19,006 - Created: 20 parsers.
2014-07-22 13:34:19,006 - Velocimacro : initialization starting.
2014-07-22 13:34:19,006 - Velocimacro : adding VMs from VM library template : VM_global_library.vm
2014-07-22 13:34:19,039 - ResourceManager : unable to find resource 'VM_global_library.vm' in any resource loader.
2014-07-22 13:34:19,044 - Velocimacro : error using  VM library template VM_global_library.vm : NVelocity.Exception.ResourceNotFoundException: Unable to find resource 'VM_global_library.vm'
   at NVelocity.Runtime.Resource.ResourceManagerImpl.getResource(String resourceName, Int32 resourceType, String encoding)
   at NVelocity.Runtime.RuntimeInstance.getTemplate(String name, String encoding)
   at NVelocity.Runtime.RuntimeInstance.getTemplate(String name)
   at NVelocity.Runtime.VelocimacroFactory.initVelocimacro()
2014-07-22 13:34:19,044 - Velocimacro :  VM library template macro registration complete.
2014-07-22 13:34:19,044 - Velocimacro : allowInline = true : VMs can be defined inline in templates
2014-07-22 13:34:19,044 - Velocimacro : allowInlineToOverride = false : VMs defined inline may NOT replace previous VM definitions
2014-07-22 13:34:19,044 - Velocimacro : allowInlineLocal = false : VMs defined inline will be  global in scope if allowed.
2014-07-22 13:34:19,044 - Velocimacro : messages on  : VM system will output logging messages
2014-07-22 13:34:19,044 - Velocimacro : autoload off  : VM system will not automatically reload global library macros
2014-07-22 13:34:19,044 - Velocimacro : initialization complete.
2014-07-22 13:34:19,044 - NVelocity successfully started.
2014-07-22 13:36:08,959 - SimpleLog4NetLogSystem initialized using logfile 'nvelocity.log'
2014-07-22 13:36:08,964 - ************************************************************** 
2014-07-22 13:36:08,964 - Starting NVelocity v0.4.1
2014-07-22 13:36:08,964 - RuntimeInstance initializing.
2014-07-22 13:36:08,964 - Default Properties File: NVelocity.Runtime.Defaults.nvelocity.properties
2014-07-22 13:36:08,964 - Trying to use logger class NVelocity.Runtime.Log.SimpleLog4NetLogSystem
2014-07-22 13:36:08,964 - Using logger class NVelocity.Runtime.Log.SimpleLog4NetLogSystem
2014-07-22 13:36:08,965 - Default ResourceManager initializing. (NVelocity.Runtime.Resource.ResourceManagerImpl)
2014-07-22 13:36:08,967 - Resource Loader Instantiated: NVelocity.Runtime.Resource.Loader.FileResourceLoader
2014-07-22 13:36:08,969 - FileResourceLoader : initialization starting.
2014-07-22 13:36:08,969 - FileResourceLoader : adding path '.'
2014-07-22 13:36:08,969 - FileResourceLoader : initialization complete.
2014-07-22 13:36:08,969 - ResourceCache : initialized. (NVelocity.Runtime.Resource.ResourceCacheImpl)
2014-07-22 13:36:08,969 - Default ResourceManager initialization complete.
2014-07-22 13:36:08,979 - Loaded System Directive: NVelocity.Runtime.Directive.Include
2014-07-22 13:36:08,979 - Loaded System Directive: NVelocity.Runtime.Directive.Parse
2014-07-22 13:36:08,980 - Loaded System Directive: NVelocity.Runtime.Directive.Macro
2014-07-22 13:36:08,980 - Loaded System Directive: NVelocity.Runtime.Directive.Literal
2014-07-22 13:36:08,980 - Loaded System Directive: NVelocity.Runtime.Directive.Foreach
2014-07-22 13:36:08,985 - Created: 20 parsers.
2014-07-22 13:36:08,986 - Velocimacro : initialization starting.
2014-07-22 13:36:08,986 - Velocimacro : adding VMs from VM library template : VM_global_library.vm
2014-07-22 13:36:08,997 - ResourceManager : unable to find resource 'VM_global_library.vm' in any resource loader.
2014-07-22 13:36:08,998 - Velocimacro : error using  VM library template VM_global_library.vm : NVelocity.Exception.ResourceNotFoundException: Unable to find resource 'VM_global_library.vm'
   at NVelocity.Runtime.Resource.ResourceManagerImpl.getResource(String resourceName, Int32 resourceType, String encoding)
   at NVelocity.Runtime.RuntimeInstance.getTemplate(String name, String encoding)
   at NVelocity.Runtime.RuntimeInstance.getTemplate(String name)
   at NVelocity.Runtime.VelocimacroFactory.initVelocimacro()
2014-07-22 13:36:08,998 - Velocimacro :  VM library template macro registration complete.
2014-07-22 13:36:08,998 - Velocimacro : allowInline = true : VMs can be defined inline in templates
2014-07-22 13:36:08,998 - Velocimacro : allowInlineToOverride = false : VMs defined inline may NOT replace previous VM definitions
2014-07-22 13:36:08,998 - Velocimacro : allowInlineLocal = false : VMs defined inline will be  global in scope if allowed.
2014-07-22 13:36:08,998 - Velocimacro : messages on  : VM system will output logging messages
2014-07-22 13:36:08,999 - Velocimacro : autoload off  : VM system will not automatically reload global library macros
2014-07-22 13:36:08,999 - Velocimacro : initialization complete.
2014-07-22 13:36:08,999 - NVelocity successfully started.
2014-07-22 13:36:47,087 - SimpleLog4NetLogSystem initialized using logfile 'nvelocity.log'
2014-07-22 13:36:47,088 - ************************************************************** 
2014-07-22 13:36:47,088 - Starting NVelocity v0.4.1
2014-07-22 13:36:47,088 - RuntimeInstance initializing.
2014-07-22 13:36:47,088 - Default Properties File: NVelocity.Runtime.Defaults.nvelocity.properties
2014-07-22 13:36:47,088 - Trying to use logger class NVelocity.Runtime.Log.SimpleLog4NetLogSystem
2014-07-22 13:36:47,088 - Using logger class NVelocity.Runtime.Log.SimpleLog4NetLogSystem
2014-07-22 13:36:47,088 - Default ResourceManager initializing. (NVelocity.Runtime.Resource.ResourceManagerImpl)
2014-07-22 13:36:47,088 - Resource Loader Instantiated: NVelocity.Runtime.Resource.Loader.FileResourceLoader
2014-07-22 13:36:47,088 - FileResourceLoader : initialization starting.
2014-07-22 13:36:47,088 - FileResourceLoader : adding path '.'
2014-07-22 13:36:47,088 - FileResourceLoader : initialization complete.
2014-07-22 13:36:47,088 - ResourceCache : initialized. (NVelocity.Runtime.Resource.ResourceCacheImpl)
2014-07-22 13:36:47,088 - Default ResourceManager initialization complete.
2014-07-22 13:36:47,096 - Loaded System Directive: NVelocity.Runtime.Directive.Include
2014-07-22 13:36:47,096 - Loaded System Directive: NVelocity.Runtime.Directive.Parse
2014-07-22 13:36:47,096 - Loaded System Directive: NVelocity.Runtime.Directive.Macro
2014-07-22 13:36:47,096 - Loaded System Directive: NVelocity.Runtime.Directive.Literal
2014-07-22 13:36:47,096 - Loaded System Directive: NVelocity.Runtime.Directive.Foreach
2014-07-22 13:36:47,097 - Created: 20 parsers.
2014-07-22 13:36:47,097 - Velocimacro : initialization starting.
2014-07-22 13:36:47,097 - Velocimacro : adding VMs from VM library template : VM_global_library.vm
2014-07-22 13:36:47,102 - ResourceManager : unable to find resource 'VM_global_library.vm' in any resource loader.
2014-07-22 13:36:47,102 - Velocimacro : error using  VM library template VM_global_library.vm : NVelocity.Exception.ResourceNotFoundException: Unable to find resource 'VM_global_library.vm'
   at NVelocity.Runtime.Resource.ResourceManagerImpl.getResource(String resourceName, Int32 resourceType, String encoding)
   at NVelocity.Runtime.RuntimeInstance.getTemplate(String name, String encoding)
   at NVelocity.Runtime.RuntimeInstance.getTemplate(String name)
   at NVelocity.Runtime.VelocimacroFactory.initVelocimacro()
2014-07-22 13:36:47,102 - Velocimacro :  VM library template macro registration complete.
2014-07-22 13:36:47,102 - Velocimacro : allowInline = true : VMs can be defined inline in templates
2014-07-22 13:36:47,102 - Velocimacro : allowInlineToOverride = false : VMs defined inline may NOT replace previous VM definitions
2014-07-22 13:36:47,102 - Velocimacro : allowInlineLocal = false : VMs defined inline will be  global in scope if allowed.
2014-07-22 13:36:47,102 - Velocimacro : messages on  : VM system will output logging messages
2014-07-22 13:36:47,102 - Velocimacro : autoload off  : VM system will not automatically reload global library macros
2014-07-22 13:36:47,102 - Velocimacro : initialization complete.
2014-07-22 13:36:47,102 - NVelocity successfully started.
